{"numFailedTestSuites":0,"numFailedTests":0,"numPassedTestSuites":12,"numPassedTests":59,"numPendingTestSuites":0,"numPendingTests":0,"numRuntimeErrorTestSuites":0,"numTotalTestSuites":12,"numTotalTests":59,"snapshot":{"added":0,"didUpdate":false,"failure":false,"filesAdded":0,"filesRemoved":0,"filesUnmatched":0,"filesUpdated":0,"matched":15,"total":15,"unchecked":0,"unmatched":0,"updated":0},"startTime":1538345708005,"success":true,"testResults":[{"assertionResults":[{"failureMessages":[],"status":"passed","title":"works, collapsed"},{"failureMessages":[],"status":"passed","title":"works, non-collapsed"}],"endTime":1538345725142,"message":"","name":"/home/travis/build/thibaudcolas/draftjs-conductor/src/demo/utils/DraftUtils.test.js","startTime":1538345716042,"status":"passed","summary":""},{"assertionResults":[{"failureMessages":[],"status":"passed","title":"ListNestingStyles"},{"failureMessages":[],"status":"passed","title":"DRAFT_DEFAULT_MAX_DEPTH"},{"failureMessages":[],"status":"passed","title":"DRAFT_DEFAULT_DEPTH_CLASS"},{"failureMessages":[],"status":"passed","title":"generateListNestingStyles"},{"failureMessages":[],"status":"passed","title":"blockDepthStyleFn"},{"failureMessages":[],"status":"passed","title":"registerCopySource"},{"failureMessages":[],"status":"passed","title":"handleDraftEditorPastedText"}],"endTime":1538345725260,"message":"","name":"/home/travis/build/thibaudcolas/draftjs-conductor/src/lib/index.test.js","startTime":1538345716087,"status":"passed","summary":""},{"assertionResults":[{"failureMessages":[],"status":"passed","title":"mount"},{"failureMessages":[],"status":"passed","title":"no mount"}],"endTime":1538345729501,"message":"","name":"/home/travis/build/thibaudcolas/draftjs-conductor/src/demo/index.test.js","startTime":1538345716113,"status":"passed","summary":""},{"assertionResults":[{"failureMessages":[],"status":"passed","title":"renders"},{"failureMessages":[],"status":"passed","title":"componentDidCatch"},{"failureMessages":[],"status":"passed","title":"componentDidCatch Raven"},{"failureMessages":[],"status":"passed","title":"#error"},{"failureMessages":[],"status":"passed","title":"#error reload"},{"failureMessages":[],"status":"passed","title":"#error Raven"},{"failureMessages":[],"status":"passed","title":"#error Raven report"}],"endTime":1538345731736,"message":"","name":"/home/travis/build/thibaudcolas/draftjs-conductor/src/demo/components/SentryBoundary.test.js","startTime":1538345716994,"status":"passed","summary":""},{"assertionResults":[{"failureMessages":[],"status":"passed","title":"renders"}],"endTime":1538345732008,"message":"","name":"/home/travis/build/thibaudcolas/draftjs-conductor/src/demo/components/App.test.js","startTime":1538345717027,"status":"passed","summary":""},{"assertionResults":[{"failureMessages":[],"status":"passed","title":"renders"},{"failureMessages":[],"status":"passed","title":"onCopy"}],"endTime":1538345732035,"message":"","name":"/home/travis/build/thibaudcolas/draftjs-conductor/src/demo/components/Highlight.test.js","startTime":1538345717631,"status":"passed","summary":""},{"assertionResults":[{"failureMessages":[],"status":"passed","title":"no errors"}],"endTime":1538345732642,"message":"","name":"/home/travis/build/thibaudcolas/draftjs-conductor/src/index.test.js","startTime":1538345717005,"status":"passed","summary":""},{"assertionResults":[{"failureMessages":[],"status":"passed","title":"renders"},{"failureMessages":[],"status":"passed","title":"no entity"}],"endTime":1538345732645,"message":"","name":"/home/travis/build/thibaudcolas/draftjs-conductor/src/demo/components/Image.test.js","startTime":1538345717541,"status":"passed","summary":""},{"assertionResults":[{"failureMessages":[],"status":"passed","title":"renders"},{"failureMessages":[],"status":"passed","title":"works"}],"endTime":1538345732761,"message":"","name":"/home/travis/build/thibaudcolas/draftjs-conductor/src/demo/components/Link.test.js","startTime":1538345717119,"status":"passed","summary":""},{"assertionResults":[{"failureMessages":[],"status":"passed","title":"registers and unregisters works for copy"},{"failureMessages":[],"status":"passed","title":"works for cut"},{"failureMessages":[],"status":"passed","title":"no selection"},{"failureMessages":[],"status":"passed","title":"no clipboardData, IE11"},{"failureMessages":[],"status":"passed","title":"works"},{"failureMessages":[],"status":"passed","title":"no HTML"},{"failureMessages":[],"status":"passed","title":"HTML from other app"},{"failureMessages":[],"status":"passed","title":"HTML from draftjs-conductor"},{"failureMessages":[],"status":"passed","title":"invalid JSON"}],"endTime":1538345733045,"message":"","name":"/home/travis/build/thibaudcolas/draftjs-conductor/src/lib/api/copypaste.test.js","startTime":1538345717033,"status":"passed","summary":""},{"assertionResults":[{"failureMessages":[],"status":"passed","title":"renders"},{"failureMessages":[],"status":"passed","title":"componentWillUnmount"},{"failureMessages":[],"status":"passed","title":"works"},{"failureMessages":[],"status":"passed","title":"save feature"},{"failureMessages":[],"status":"passed","title":"works"},{"failureMessages":[],"status":"passed","title":"toggleStyle"},{"failureMessages":[],"status":"passed","title":"toggleBlock"},{"failureMessages":[],"status":"passed","title":"LINK"},{"failureMessages":[],"status":"passed","title":"IMAGE"},{"failureMessages":[],"status":"passed","title":"HORIZONTAL_RULE"},{"failureMessages":[],"status":"passed","title":"unstyled"},{"failureMessages":[],"status":"passed","title":"no entity"},{"failureMessages":[],"status":"passed","title":"HORIZONTAL_RULE"},{"failureMessages":[],"status":"passed","title":"IMAGE"},{"failureMessages":[],"status":"passed","title":"handled by handleDraftEditorPastedText"},{"failureMessages":[],"status":"passed","title":"default handling"},{"failureMessages":[],"status":"passed","title":"works"},{"failureMessages":[],"status":"passed","title":"#extended"},{"failureMessages":[],"status":"passed","title":"works"}],"endTime":1538345733189,"message":"","name":"/home/travis/build/thibaudcolas/draftjs-conductor/src/demo/components/DemoEditor.test.js","startTime":1538345717002,"status":"passed","summary":""},{"assertionResults":[{"failureMessages":[],"status":"passed","title":"works"},{"failureMessages":[],"status":"passed","title":"works"},{"failureMessages":[],"status":"passed","title":"max > DRAFT_DEFAULT_MAX_DEPTH"},{"failureMessages":[],"status":"passed","title":"works"},{"failureMessages":[],"status":"passed","title":"depth > DRAFT_DEFAULT_MAX_DEPTH"}],"endTime":1538345733373,"message":"","name":"/home/travis/build/thibaudcolas/draftjs-conductor/src/lib/components/ListNestingStyles.test.js","startTime":1538345717429,"status":"passed","summary":""}],"wasInterrupted":false,"coverageMap":{"/home/travis/build/thibaudcolas/draftjs-conductor/src/setupTests.js":{"path":"/home/travis/build/thibaudcolas/draftjs-conductor/src/setupTests.js","statementMap":{"0":{"start":{"line":5,"column":0},"end":{"line":5,"column":38}},"1":{"start":{"line":7,"column":0},"end":{"line":7,"column":65}}},"fnMap":{},"branchMap":{},"s":{"0":12,"1":12},"f":{},"b":{},"_coverageSchema":"332fd63041d2c1bcb487cc26dd0d5f7d97098a6c","hash":"d850485cb1a9cb88c8bec31cbed3b463642bdb87"},"/home/travis/build/thibaudcolas/draftjs-conductor/src/demo/utils/DraftUtils.js":{"path":"/home/travis/build/thibaudcolas/draftjs-conductor/src/demo/utils/DraftUtils.js","statementMap":{"0":{"start":{"line":4,"column":21},"end":{"line":23,"column":1}},"1":{"start":{"line":5,"column":18},"end":{"line":5,"column":49}},"2":{"start":{"line":6,"column":20},"end":{"line":6,"column":46}},"3":{"start":{"line":8,"column":2},"end":{"line":10,"column":3}},"4":{"start":{"line":9,"column":4},"end":{"line":9,"column":52}},"5":{"start":{"line":12,"column":19},"end":{"line":12,"column":70}},"6":{"start":{"line":13,"column":19},"end":{"line":13,"column":49}},"7":{"start":{"line":14,"column":16},"end":{"line":14,"column":65}},"8":{"start":{"line":15,"column":2},"end":{"line":21,"column":4}},"9":{"start":{"line":22,"column":2},"end":{"line":22,"column":70}}},"fnMap":{"0":{"name":"(anonymous_0)","decl":{"start":{"line":4,"column":21},"end":{"line":4,"column":22}},"loc":{"start":{"line":4,"column":51},"end":{"line":23,"column":1}},"line":4}},"branchMap":{"0":{"loc":{"start":{"line":8,"column":2},"end":{"line":10,"column":3}},"type":"if","locations":[{"start":{"line":8,"column":2},"end":{"line":10,"column":3}},{"start":{"line":8,"column":2},"end":{"line":10,"column":3}}],"line":8}},"s":{"0":5,"1":3,"2":3,"3":3,"4":2,"5":1,"6":1,"7":1,"8":1,"9":1},"f":{"0":3},"b":{"0":[2,1]},"_coverageSchema":"332fd63041d2c1bcb487cc26dd0d5f7d97098a6c","hash":"14ecbdf42bdbd2ada50c4f41d1df86e2c5e74851"},"/home/travis/build/thibaudcolas/draftjs-conductor/src/lib/index.js":{"path":"/home/travis/build/thibaudcolas/draftjs-conductor/src/lib/index.js","statementMap":{},"fnMap":{},"branchMap":{},"s":{},"f":{},"b":{},"_coverageSchema":"332fd63041d2c1bcb487cc26dd0d5f7d97098a6c","hash":"a847d903dfa4cc4bbf092be8b67129a1239e6eeb"},"/home/travis/build/thibaudcolas/draftjs-conductor/src/lib/api/copypaste.js":{"path":"/home/travis/build/thibaudcolas/draftjs-conductor/src/lib/api/copypaste.js","statementMap":{"0":{"start":{"line":14,"column":22},"end":{"line":14,"column":55}},"1":{"start":{"line":22,"column":32},"end":{"line":49,"column":1}},"2":{"start":{"line":23,"column":20},"end":{"line":23,"column":41}},"3":{"start":{"line":26,"column":19},"end":{"line":26,"column":67}},"4":{"start":{"line":29,"column":2},"end":{"line":48,"column":3}},"5":{"start":{"line":30,"column":20},"end":{"line":30,"column":73}},"6":{"start":{"line":31,"column":30},"end":{"line":31,"column":67}},"7":{"start":{"line":35,"column":24},"end":{"line":35,"column":53}},"8":{"start":{"line":37,"column":4},"end":{"line":37,"column":69}},"9":{"start":{"line":38,"column":4},"end":{"line":38,"column":63}},"10":{"start":{"line":42,"column":4},"end":{"line":42,"column":64}},"11":{"start":{"line":44,"column":4},"end":{"line":44,"column":64}},"12":{"start":{"line":45,"column":4},"end":{"line":45,"column":64}},"13":{"start":{"line":47,"column":4},"end":{"line":47,"column":23}},"14":{"start":{"line":51,"column":34},"end":{"line":64,"column":1}},"15":{"start":{"line":52,"column":20},"end":{"line":52,"column":30}},"16":{"start":{"line":53,"column":17},"end":{"line":53,"column":56}},"17":{"start":{"line":55,"column":2},"end":{"line":55,"column":45}},"18":{"start":{"line":56,"column":2},"end":{"line":56,"column":44}},"19":{"start":{"line":58,"column":2},"end":{"line":63,"column":4}},"20":{"start":{"line":60,"column":6},"end":{"line":60,"column":52}},"21":{"start":{"line":61,"column":6},"end":{"line":61,"column":51}},"22":{"start":{"line":71,"column":43},"end":{"line":109,"column":1}},"23":{"start":{"line":77,"column":2},"end":{"line":79,"column":3}},"24":{"start":{"line":78,"column":4},"end":{"line":78,"column":17}},"25":{"start":{"line":81,"column":14},"end":{"line":81,"column":64}},"26":{"start":{"line":82,"column":22},"end":{"line":82,"column":61}},"27":{"start":{"line":85,"column":2},"end":{"line":106,"column":3}},"28":{"start":{"line":86,"column":25},"end":{"line":86,"column":64}},"29":{"start":{"line":89,"column":4},"end":{"line":96,"column":5}},"30":{"start":{"line":93,"column":6},"end":{"line":93,"column":44}},"31":{"start":{"line":95,"column":6},"end":{"line":95,"column":19}},"32":{"start":{"line":98,"column":21},"end":{"line":98,"column":61}},"33":{"start":{"line":100,"column":20},"end":{"line":104,"column":5}},"34":{"start":{"line":105,"column":4},"end":{"line":105,"column":69}},"35":{"start":{"line":108,"column":2},"end":{"line":108,"column":15}}},"fnMap":{"0":{"name":"(anonymous_0)","decl":{"start":{"line":22,"column":32},"end":{"line":22,"column":33}},"loc":{"start":{"line":22,"column":72},"end":{"line":49,"column":1}},"line":22},"1":{"name":"(anonymous_1)","decl":{"start":{"line":51,"column":34},"end":{"line":51,"column":35}},"loc":{"start":{"line":51,"column":63},"end":{"line":64,"column":1}},"line":51},"2":{"name":"(anonymous_2)","decl":{"start":{"line":71,"column":43},"end":{"line":71,"column":44}},"loc":{"start":{"line":74,"column":5},"end":{"line":109,"column":1}},"line":74}},"branchMap":{"0":{"loc":{"start":{"line":29,"column":2},"end":{"line":48,"column":3}},"type":"if","locations":[{"start":{"line":29,"column":2},"end":{"line":48,"column":3}},{"start":{"line":29,"column":2},"end":{"line":48,"column":3}}],"line":29},"1":{"loc":{"start":{"line":29,"column":6},"end":{"line":29,"column":61}},"type":"binary-expr","locations":[{"start":{"line":29,"column":6},"end":{"line":29,"column":30}},{"start":{"line":29,"column":34},"end":{"line":29,"column":42}},{"start":{"line":29,"column":46},"end":{"line":29,"column":61}}],"line":29},"2":{"loc":{"start":{"line":77,"column":2},"end":{"line":79,"column":3}},"type":"if","locations":[{"start":{"line":77,"column":2},"end":{"line":79,"column":3}},{"start":{"line":77,"column":2},"end":{"line":79,"column":3}}],"line":77},"3":{"loc":{"start":{"line":85,"column":2},"end":{"line":106,"column":3}},"type":"if","locations":[{"start":{"line":85,"column":2},"end":{"line":106,"column":3}},{"start":{"line":85,"column":2},"end":{"line":106,"column":3}}],"line":85}},"s":{"0":6,"1":6,"2":5,"3":5,"4":5,"5":1,"6":1,"7":1,"8":1,"9":1,"10":1,"11":1,"12":1,"13":1,"14":6,"15":26,"16":26,"17":26,"18":26,"19":26,"20":3,"21":3,"22":6,"23":6,"24":1,"25":5,"26":5,"27":5,"28":3,"29":3,"30":3,"31":1,"32":2,"33":2,"34":2,"35":2},"f":{"0":5,"1":26,"2":6},"b":{"0":[1,2],"1":[5,2,2],"2":[1,5],"3":[3,2]},"_coverageSchema":"332fd63041d2c1bcb487cc26dd0d5f7d97098a6c","hash":"6c751463f5ed0543c29d95e8b396d21601de7a95"},"/home/travis/build/thibaudcolas/draftjs-conductor/src/lib/components/ListNestingStyles.js":{"path":"/home/travis/build/thibaudcolas/draftjs-conductor/src/lib/components/ListNestingStyles.js","statementMap":{"0":{"start":{"line":7,"column":39},"end":{"line":7,"column":40}},"1":{"start":{"line":10,"column":41},"end":{"line":10,"column":73}},"2":{"start":{"line":18,"column":41},"end":{"line":38,"column":1}},"3":{"start":{"line":23,"column":15},"end":{"line":23,"column":17}},"4":{"start":{"line":25,"column":2},"end":{"line":35,"column":3}},"5":{"start":{"line":26,"column":19},"end":{"line":26,"column":46}},"6":{"start":{"line":27,"column":20},"end":{"line":27,"column":32}},"7":{"start":{"line":28,"column":19},"end":{"line":28,"column":36}},"8":{"start":{"line":30,"column":4},"end":{"line":34,"column":74}},"9":{"start":{"line":37,"column":2},"end":{"line":37,"column":16}},"10":{"start":{"line":54,"column":28},"end":{"line":54,"column":38}},"11":{"start":{"line":55,"column":16},"end":{"line":55,"column":43}},"12":{"start":{"line":57,"column":4},"end":{"line":59,"column":13}},"13":{"start":{"line":63,"column":0},"end":{"line":65,"column":2}},"14":{"start":{"line":72,"column":33},"end":{"line":77,"column":1}},"15":{"start":{"line":73,"column":16},"end":{"line":73,"column":32}},"16":{"start":{"line":74,"column":2},"end":{"line":76,"column":9}}},"fnMap":{"0":{"name":"(anonymous_0)","decl":{"start":{"line":18,"column":41},"end":{"line":18,"column":42}},"loc":{"start":{"line":22,"column":5},"end":{"line":38,"column":1}},"line":22},"1":{"name":"(anonymous_1)","decl":{"start":{"line":53,"column":2},"end":{"line":53,"column":3}},"loc":{"start":{"line":53,"column":11},"end":{"line":60,"column":3}},"line":53},"2":{"name":"(anonymous_2)","decl":{"start":{"line":72,"column":33},"end":{"line":72,"column":34}},"loc":{"start":{"line":72,"column":55},"end":{"line":77,"column":1}},"line":72}},"branchMap":{"0":{"loc":{"start":{"line":57,"column":11},"end":{"line":59,"column":12}},"type":"cond-expr","locations":[{"start":{"line":58,"column":6},"end":{"line":58,"column":66}},{"start":{"line":59,"column":8},"end":{"line":59,"column":12}}],"line":57},"1":{"loc":{"start":{"line":74,"column":9},"end":{"line":76,"column":8}},"type":"cond-expr","locations":[{"start":{"line":75,"column":6},"end":{"line":75,"column":44}},{"start":{"line":76,"column":6},"end":{"line":76,"column":8}}],"line":74}},"s":{"0":6,"1":6,"2":6,"3":23,"4":23,"5":235,"6":235,"7":235,"8":235,"9":23,"10":23,"11":23,"12":23,"13":6,"14":6,"15":34,"16":34},"f":{"0":23,"1":23,"2":34},"b":{"0":[22,1],"1":[1,33]},"_coverageSchema":"332fd63041d2c1bcb487cc26dd0d5f7d97098a6c","hash":"df1c87b4b95aa9ae45a07591a5241691ad2d6a57"},"/home/travis/build/thibaudcolas/draftjs-conductor/src/demo/index.js":{"path":"/home/travis/build/thibaudcolas/draftjs-conductor/src/demo/index.js","statementMap":{"0":{"start":{"line":21,"column":14},"end":{"line":21,"column":45}},"1":{"start":{"line":23,"column":0},"end":{"line":25,"column":1}},"2":{"start":{"line":24,"column":2},"end":{"line":24,"column":34}}},"fnMap":{},"branchMap":{"0":{"loc":{"start":{"line":23,"column":0},"end":{"line":25,"column":1}},"type":"if","locations":[{"start":{"line":23,"column":0},"end":{"line":25,"column":1}},{"start":{"line":23,"column":0},"end":{"line":25,"column":1}}],"line":23}},"s":{"0":2,"1":2,"2":1},"f":{},"b":{"0":[1,1]},"_coverageSchema":"332fd63041d2c1bcb487cc26dd0d5f7d97098a6c","hash":"518dfd099919a30ad841522161221088d3e3a53b"},"/home/travis/build/thibaudcolas/draftjs-conductor/src/demo/components/App.js":{"path":"/home/travis/build/thibaudcolas/draftjs-conductor/src/demo/components/App.js","statementMap":{"0":{"start":{"line":9,"column":4},"end":{"line":14,"column":6}}},"fnMap":{"0":{"name":"(anonymous_0)","decl":{"start":{"line":8,"column":2},"end":{"line":8,"column":3}},"loc":{"start":{"line":8,"column":11},"end":{"line":15,"column":3}},"line":8}},"branchMap":{},"s":{"0":2},"f":{"0":2},"b":{},"_coverageSchema":"332fd63041d2c1bcb487cc26dd0d5f7d97098a6c","hash":"1cd557a81e716d4b174d20cd14817a31262f387a"},"/home/travis/build/thibaudcolas/draftjs-conductor/src/demo/components/DemoEditor.js":{"path":"/home/travis/build/thibaudcolas/draftjs-conductor/src/demo/components/DemoEditor.js","statementMap":{"0":{"start":{"line":32,"column":15},"end":{"line":40,"column":1}},"1":{"start":{"line":42,"column":24},"end":{"line":54,"column":1}},"2":{"start":{"line":56,"column":15},"end":{"line":59,"column":1}},"3":{"start":{"line":61,"column":24},"end":{"line":67,"column":1}},"4":{"start":{"line":69,"column":17},"end":{"line":92,"column":1}},"5":{"start":{"line":94,"column":25},"end":{"line":94,"column":27}},"6":{"start":{"line":112,"column":4},"end":{"line":112,"column":17}},"7":{"start":{"line":113,"column":25},"end":{"line":113,"column":30}},"8":{"start":{"line":115,"column":22},"end":{"line":120,"column":6}},"9":{"start":{"line":122,"column":17},"end":{"line":122,"column":58}},"10":{"start":{"line":125,"column":4},"end":{"line":132,"column":5}},"11":{"start":{"line":126,"column":22},"end":{"line":126,"column":54}},"12":{"start":{"line":128,"column":6},"end":{"line":128,"column":70}},"13":{"start":{"line":131,"column":6},"end":{"line":131,"column":55}},"14":{"start":{"line":134,"column":4},"end":{"line":136,"column":6}},"15":{"start":{"line":137,"column":4},"end":{"line":137,"column":52}},"16":{"start":{"line":138,"column":4},"end":{"line":138,"column":46}},"17":{"start":{"line":139,"column":4},"end":{"line":139,"column":46}},"18":{"start":{"line":140,"column":4},"end":{"line":140,"column":58}},"19":{"start":{"line":141,"column":4},"end":{"line":141,"column":58}},"20":{"start":{"line":142,"column":4},"end":{"line":142,"column":60}},"21":{"start":{"line":143,"column":4},"end":{"line":143,"column":62}},"22":{"start":{"line":144,"column":4},"end":{"line":144,"column":68}},"23":{"start":{"line":148,"column":4},"end":{"line":148,"column":57}},"24":{"start":{"line":152,"column":4},"end":{"line":152,"column":33}},"25":{"start":{"line":156,"column":4},"end":{"line":156,"column":46}},"26":{"start":{"line":158,"column":4},"end":{"line":161,"column":6}},"27":{"start":{"line":165,"column":28},"end":{"line":165,"column":38}},"28":{"start":{"line":166,"column":4},"end":{"line":166,"column":66}},"29":{"start":{"line":168,"column":4},"end":{"line":168,"column":23}},"30":{"start":{"line":172,"column":28},"end":{"line":172,"column":38}},"31":{"start":{"line":173,"column":4},"end":{"line":173,"column":64}},"32":{"start":{"line":175,"column":4},"end":{"line":175,"column":23}},"33":{"start":{"line":179,"column":28},"end":{"line":179,"column":38}},"34":{"start":{"line":180,"column":18},"end":{"line":180,"column":49}},"35":{"start":{"line":182,"column":4},"end":{"line":205,"column":5}},"36":{"start":{"line":183,"column":6},"end":{"line":186,"column":9}},"37":{"start":{"line":187,"column":24},"end":{"line":187,"column":57}},"38":{"start":{"line":188,"column":6},"end":{"line":190,"column":8}},"39":{"start":{"line":191,"column":11},"end":{"line":205,"column":5}},"40":{"start":{"line":193,"column":6},"end":{"line":193,"column":60}},"41":{"start":{"line":194,"column":24},"end":{"line":194,"column":57}},"42":{"start":{"line":195,"column":6},"end":{"line":197,"column":8}},"43":{"start":{"line":199,"column":6},"end":{"line":201,"column":9}},"44":{"start":{"line":202,"column":24},"end":{"line":202,"column":57}},"45":{"start":{"line":203,"column":24},"end":{"line":203,"column":50}},"46":{"start":{"line":204,"column":6},"end":{"line":204,"column":77}},"47":{"start":{"line":209,"column":28},"end":{"line":209,"column":38}},"48":{"start":{"line":210,"column":20},"end":{"line":210,"column":51}},"49":{"start":{"line":212,"column":4},"end":{"line":214,"column":5}},"50":{"start":{"line":213,"column":6},"end":{"line":213,"column":18}},"51":{"start":{"line":216,"column":22},"end":{"line":216,"column":42}},"52":{"start":{"line":218,"column":4},"end":{"line":222,"column":5}},"53":{"start":{"line":219,"column":6},"end":{"line":221,"column":8}},"54":{"start":{"line":224,"column":19},"end":{"line":224,"column":47}},"55":{"start":{"line":226,"column":4},"end":{"line":231,"column":5}},"56":{"start":{"line":227,"column":6},"end":{"line":230,"column":8}},"57":{"start":{"line":228,"column":25},"end":{"line":228,"column":31}},"58":{"start":{"line":233,"column":4},"end":{"line":236,"column":6}},"59":{"start":{"line":240,"column":19},"end":{"line":240,"column":65}},"60":{"start":{"line":242,"column":4},"end":{"line":245,"column":5}},"61":{"start":{"line":243,"column":6},"end":{"line":243,"column":30}},"62":{"start":{"line":244,"column":6},"end":{"line":244,"column":18}},"63":{"start":{"line":247,"column":4},"end":{"line":247,"column":17}},"64":{"start":{"line":251,"column":28},"end":{"line":251,"column":38}},"65":{"start":{"line":252,"column":21},"end":{"line":252,"column":74}},"66":{"start":{"line":254,"column":4},"end":{"line":254,"column":28}},"67":{"start":{"line":258,"column":28},"end":{"line":258,"column":38}},"68":{"start":{"line":259,"column":4},"end":{"line":259,"column":56}},"69":{"start":{"line":261,"column":4},"end":{"line":261,"column":23}},"70":{"start":{"line":265,"column":25},"end":{"line":265,"column":35}},"71":{"start":{"line":266,"column":28},"end":{"line":266,"column":38}},"72":{"start":{"line":267,"column":19},"end":{"line":267,"column":54}},"73":{"start":{"line":268,"column":19},"end":{"line":268,"column":54}},"74":{"start":{"line":270,"column":4},"end":{"line":327,"column":6}},"75":{"start":{"line":275,"column":14},"end":{"line":280,"column":23}},"76":{"start":{"line":283,"column":14},"end":{"line":288,"column":23}},"77":{"start":{"line":291,"column":14},"end":{"line":296,"column":23}},"78":{"start":{"line":302,"column":14},"end":{"line":302,"column":35}}},"fnMap":{"0":{"name":"(anonymous_0)","decl":{"start":{"line":111,"column":2},"end":{"line":111,"column":3}},"loc":{"start":{"line":111,"column":28},"end":{"line":145,"column":3}},"line":111},"1":{"name":"(anonymous_1)","decl":{"start":{"line":147,"column":2},"end":{"line":147,"column":3}},"loc":{"start":{"line":147,"column":22},"end":{"line":149,"column":3}},"line":147},"2":{"name":"(anonymous_2)","decl":{"start":{"line":151,"column":2},"end":{"line":151,"column":3}},"loc":{"start":{"line":151,"column":25},"end":{"line":153,"column":3}},"line":151},"3":{"name":"(anonymous_3)","decl":{"start":{"line":155,"column":2},"end":{"line":155,"column":3}},"loc":{"start":{"line":155,"column":35},"end":{"line":162,"column":3}},"line":155},"4":{"name":"(anonymous_4)","decl":{"start":{"line":164,"column":2},"end":{"line":164,"column":3}},"loc":{"start":{"line":164,"column":38},"end":{"line":169,"column":3}},"line":164},"5":{"name":"(anonymous_5)","decl":{"start":{"line":171,"column":2},"end":{"line":171,"column":3}},"loc":{"start":{"line":171,"column":46},"end":{"line":176,"column":3}},"line":171},"6":{"name":"(anonymous_6)","decl":{"start":{"line":178,"column":2},"end":{"line":178,"column":3}},"loc":{"start":{"line":178,"column":58},"end":{"line":206,"column":3}},"line":178},"7":{"name":"(anonymous_7)","decl":{"start":{"line":208,"column":2},"end":{"line":208,"column":3}},"loc":{"start":{"line":208,"column":37},"end":{"line":237,"column":3}},"line":208},"8":{"name":"(anonymous_8)","decl":{"start":{"line":228,"column":19},"end":{"line":228,"column":20}},"loc":{"start":{"line":228,"column":25},"end":{"line":228,"column":31}},"line":228},"9":{"name":"(anonymous_9)","decl":{"start":{"line":239,"column":2},"end":{"line":239,"column":3}},"loc":{"start":{"line":239,"column":74},"end":{"line":248,"column":3}},"line":239},"10":{"name":"(anonymous_10)","decl":{"start":{"line":250,"column":2},"end":{"line":250,"column":3}},"loc":{"start":{"line":250,"column":41},"end":{"line":255,"column":3}},"line":250},"11":{"name":"(anonymous_11)","decl":{"start":{"line":257,"column":2},"end":{"line":257,"column":3}},"loc":{"start":{"line":257,"column":18},"end":{"line":262,"column":3}},"line":257},"12":{"name":"(anonymous_12)","decl":{"start":{"line":264,"column":2},"end":{"line":264,"column":3}},"loc":{"start":{"line":264,"column":11},"end":{"line":328,"column":3}},"line":264},"13":{"name":"(anonymous_13)","decl":{"start":{"line":274,"column":37},"end":{"line":274,"column":38}},"loc":{"start":{"line":275,"column":14},"end":{"line":280,"column":23}},"line":275},"14":{"name":"(anonymous_14)","decl":{"start":{"line":282,"column":37},"end":{"line":282,"column":38}},"loc":{"start":{"line":283,"column":14},"end":{"line":288,"column":23}},"line":283},"15":{"name":"(anonymous_15)","decl":{"start":{"line":290,"column":26},"end":{"line":290,"column":27}},"loc":{"start":{"line":291,"column":14},"end":{"line":296,"column":23}},"line":291},"16":{"name":"(anonymous_16)","decl":{"start":{"line":301,"column":17},"end":{"line":301,"column":18}},"loc":{"start":{"line":301,"column":26},"end":{"line":303,"column":13}},"line":301}},"branchMap":{"0":{"loc":{"start":{"line":125,"column":4},"end":{"line":132,"column":5}},"type":"if","locations":[{"start":{"line":125,"column":4},"end":{"line":132,"column":5}},{"start":{"line":125,"column":4},"end":{"line":132,"column":5}}],"line":125},"1":{"loc":{"start":{"line":125,"column":8},"end":{"line":125,"column":24}},"type":"binary-expr","locations":[{"start":{"line":125,"column":8},"end":{"line":125,"column":16}},{"start":{"line":125,"column":20},"end":{"line":125,"column":24}}],"line":125},"2":{"loc":{"start":{"line":182,"column":4},"end":{"line":205,"column":5}},"type":"if","locations":[{"start":{"line":182,"column":4},"end":{"line":205,"column":5}},{"start":{"line":182,"column":4},"end":{"line":205,"column":5}}],"line":182},"3":{"loc":{"start":{"line":191,"column":11},"end":{"line":205,"column":5}},"type":"if","locations":[{"start":{"line":191,"column":11},"end":{"line":205,"column":5}},{"start":{"line":191,"column":11},"end":{"line":205,"column":5}}],"line":191},"4":{"loc":{"start":{"line":212,"column":4},"end":{"line":214,"column":5}},"type":"if","locations":[{"start":{"line":212,"column":4},"end":{"line":214,"column":5}},{"start":{"line":212,"column":4},"end":{"line":214,"column":5}}],"line":212},"5":{"loc":{"start":{"line":218,"column":4},"end":{"line":222,"column":5}},"type":"if","locations":[{"start":{"line":218,"column":4},"end":{"line":222,"column":5}},{"start":{"line":218,"column":4},"end":{"line":222,"column":5}}],"line":218},"6":{"loc":{"start":{"line":226,"column":4},"end":{"line":231,"column":5}},"type":"if","locations":[{"start":{"line":226,"column":4},"end":{"line":231,"column":5}},{"start":{"line":226,"column":4},"end":{"line":231,"column":5}}],"line":226},"7":{"loc":{"start":{"line":242,"column":4},"end":{"line":245,"column":5}},"type":"if","locations":[{"start":{"line":242,"column":4},"end":{"line":245,"column":5}},{"start":{"line":242,"column":4},"end":{"line":245,"column":5}}],"line":242},"8":{"loc":{"start":{"line":267,"column":19},"end":{"line":267,"column":54}},"type":"cond-expr","locations":[{"start":{"line":267,"column":30},"end":{"line":267,"column":45}},{"start":{"line":267,"column":48},"end":{"line":267,"column":54}}],"line":267},"9":{"loc":{"start":{"line":268,"column":19},"end":{"line":268,"column":54}},"type":"cond-expr","locations":[{"start":{"line":268,"column":30},"end":{"line":268,"column":45}},{"start":{"line":268,"column":48},"end":{"line":268,"column":54}}],"line":268}},"s":{"0":4,"1":4,"2":4,"3":4,"4":4,"5":4,"6":21,"7":21,"8":21,"9":21,"10":21,"11":4,"12":4,"13":17,"14":21,"15":21,"16":21,"17":21,"18":21,"19":21,"20":21,"21":21,"22":21,"23":21,"24":1,"25":8,"26":8,"27":1,"28":1,"29":1,"30":1,"31":1,"32":1,"33":3,"34":3,"35":3,"36":1,"37":1,"38":1,"39":2,"40":1,"41":1,"42":1,"43":1,"44":1,"45":1,"46":1,"47":36,"48":36,"49":36,"50":28,"51":8,"52":8,"53":2,"54":6,"55":6,"56":3,"57":3,"58":3,"59":2,"60":2,"61":1,"62":1,"63":1,"64":2,"65":2,"66":2,"67":1,"68":1,"69":1,"70":29,"71":29,"72":29,"73":29,"74":29,"75":79,"76":231,"77":87,"78":38},"f":{"0":21,"1":21,"2":1,"3":8,"4":1,"5":1,"6":3,"7":36,"8":3,"9":2,"10":2,"11":1,"12":29,"13":79,"14":231,"15":87,"16":38},"b":{"0":[4,17],"1":[21,7],"2":[1,2],"3":[1,1],"4":[28,8],"5":[2,6],"6":[3,3],"7":[1,1],"8":[7,22],"9":[7,22]},"_coverageSchema":"332fd63041d2c1bcb487cc26dd0d5f7d97098a6c","hash":"3726da94761cc088d34b82a7a7e44c25bfb2a191"},"/home/travis/build/thibaudcolas/draftjs-conductor/src/demo/components/SentryBoundary.js":{"path":"/home/travis/build/thibaudcolas/draftjs-conductor/src/demo/components/SentryBoundary.js","statementMap":{"0":{"start":{"line":15,"column":4},"end":{"line":15,"column":17}},"1":{"start":{"line":16,"column":4},"end":{"line":16,"column":33}},"2":{"start":{"line":20,"column":29},"end":{"line":20,"column":43}},"3":{"start":{"line":21,"column":4},"end":{"line":21,"column":29}},"4":{"start":{"line":23,"column":4},"end":{"line":25,"column":5}},"5":{"start":{"line":24,"column":6},"end":{"line":24,"column":65}},"6":{"start":{"line":29,"column":25},"end":{"line":29,"column":35}},"7":{"start":{"line":30,"column":22},"end":{"line":30,"column":32}},"8":{"start":{"line":31,"column":29},"end":{"line":31,"column":43}},"9":{"start":{"line":33,"column":4},"end":{"line":81,"column":6}},"10":{"start":{"line":49,"column":22},"end":{"line":50,"column":53}},"11":{"start":{"line":70,"column":33},"end":{"line":70,"column":62}}},"fnMap":{"0":{"name":"(anonymous_0)","decl":{"start":{"line":14,"column":2},"end":{"line":14,"column":3}},"loc":{"start":{"line":14,"column":28},"end":{"line":17,"column":3}},"line":14},"1":{"name":"(anonymous_1)","decl":{"start":{"line":19,"column":2},"end":{"line":19,"column":3}},"loc":{"start":{"line":19,"column":53},"end":{"line":26,"column":3}},"line":19},"2":{"name":"(anonymous_2)","decl":{"start":{"line":28,"column":2},"end":{"line":28,"column":3}},"loc":{"start":{"line":28,"column":11},"end":{"line":82,"column":3}},"line":28},"3":{"name":"(anonymous_3)","decl":{"start":{"line":48,"column":29},"end":{"line":48,"column":30}},"loc":{"start":{"line":49,"column":22},"end":{"line":50,"column":53}},"line":49},"4":{"name":"(anonymous_4)","decl":{"start":{"line":70,"column":27},"end":{"line":70,"column":28}},"loc":{"start":{"line":70,"column":33},"end":{"line":70,"column":62}},"line":70}},"branchMap":{"0":{"loc":{"start":{"line":23,"column":4},"end":{"line":25,"column":5}},"type":"if","locations":[{"start":{"line":23,"column":4},"end":{"line":25,"column":5}},{"start":{"line":23,"column":4},"end":{"line":25,"column":5}}],"line":23},"1":{"loc":{"start":{"line":33,"column":11},"end":{"line":81,"column":5}},"type":"cond-expr","locations":[{"start":{"line":34,"column":6},"end":{"line":78,"column":12}},{"start":{"line":80,"column":6},"end":{"line":80,"column":14}}],"line":33},"2":{"loc":{"start":{"line":45,"column":17},"end":{"line":66,"column":17}},"type":"cond-expr","locations":[{"start":{"line":46,"column":18},"end":{"line":54,"column":27}},{"start":{"line":56,"column":18},"end":{"line":65,"column":22}}],"line":45},"3":{"loc":{"start":{"line":49,"column":22},"end":{"line":50,"column":53}},"type":"binary-expr","locations":[{"start":{"line":49,"column":22},"end":{"line":49,"column":48}},{"start":{"line":50,"column":22},"end":{"line":50,"column":53}}],"line":49}},"s":{"0":28,"1":28,"2":2,"3":2,"4":2,"5":1,"6":42,"7":42,"8":42,"9":42,"10":1,"11":1},"f":{"0":28,"1":2,"2":42,"3":1,"4":1},"b":{"0":[1,1],"1":[6,36],"2":[3,3],"3":[1,1]},"_coverageSchema":"332fd63041d2c1bcb487cc26dd0d5f7d97098a6c","hash":"2f19c2fc680c90f317101ce9ed7ae6e89c55e3a9"},"/home/travis/build/thibaudcolas/draftjs-conductor/src/demo/components/Highlight.js":{"path":"/home/travis/build/thibaudcolas/draftjs-conductor/src/demo/components/Highlight.js","statementMap":{"0":{"start":{"line":4,"column":15},"end":{"line":14,"column":1}},"1":{"start":{"line":5,"column":17},"end":{"line":5,"column":51}},"2":{"start":{"line":6,"column":2},"end":{"line":6,"column":23}},"3":{"start":{"line":9,"column":2},"end":{"line":9,"column":36}},"4":{"start":{"line":10,"column":2},"end":{"line":10,"column":18}},"5":{"start":{"line":11,"column":2},"end":{"line":11,"column":31}},"6":{"start":{"line":13,"column":2},"end":{"line":13,"column":36}},"7":{"start":{"line":16,"column":18},"end":{"line":26,"column":1}},"8":{"start":{"line":17,"column":2},"end":{"line":25,"column":8}}},"fnMap":{"0":{"name":"(anonymous_0)","decl":{"start":{"line":4,"column":15},"end":{"line":4,"column":16}},"loc":{"start":{"line":4,"column":34},"end":{"line":14,"column":1}},"line":4},"1":{"name":"(anonymous_1)","decl":{"start":{"line":16,"column":18},"end":{"line":16,"column":19}},"loc":{"start":{"line":17,"column":2},"end":{"line":25,"column":8}},"line":17}},"branchMap":{},"s":{"0":5,"1":1,"2":1,"3":1,"4":1,"5":1,"6":1,"7":5,"8":31},"f":{"0":1,"1":31},"b":{},"_coverageSchema":"332fd63041d2c1bcb487cc26dd0d5f7d97098a6c","hash":"126006deb02a87f61d252c0d37cb2dae3f53a828"},"/home/travis/build/thibaudcolas/draftjs-conductor/src/demo/components/Link.js":{"path":"/home/travis/build/thibaudcolas/draftjs-conductor/src/demo/components/Link.js","statementMap":{"0":{"start":{"line":11,"column":28},"end":{"line":23,"column":1}},"1":{"start":{"line":16,"column":2},"end":{"line":22,"column":15}},"2":{"start":{"line":17,"column":22},"end":{"line":17,"column":43}},"3":{"start":{"line":18,"column":4},"end":{"line":21,"column":6}},"4":{"start":{"line":25,"column":13},"end":{"line":32,"column":1}},"5":{"start":{"line":26,"column":17},"end":{"line":26,"column":50}},"6":{"start":{"line":27,"column":2},"end":{"line":31,"column":4}}},"fnMap":{"0":{"name":"(anonymous_0)","decl":{"start":{"line":11,"column":28},"end":{"line":11,"column":29}},"loc":{"start":{"line":15,"column":5},"end":{"line":23,"column":1}},"line":15},"1":{"name":"(anonymous_1)","decl":{"start":{"line":16,"column":32},"end":{"line":16,"column":33}},"loc":{"start":{"line":16,"column":47},"end":{"line":22,"column":3}},"line":16},"2":{"name":"(anonymous_2)","decl":{"start":{"line":25,"column":13},"end":{"line":25,"column":14}},"loc":{"start":{"line":25,"column":63},"end":{"line":32,"column":1}},"line":25}},"branchMap":{"0":{"loc":{"start":{"line":19,"column":6},"end":{"line":20,"column":60}},"type":"binary-expr","locations":[{"start":{"line":19,"column":6},"end":{"line":19,"column":24}},{"start":{"line":20,"column":6},"end":{"line":20,"column":60}}],"line":19}},"s":{"0":5,"1":9,"2":9,"3":9,"4":5,"5":1,"6":1},"f":{"0":9,"1":9,"2":1},"b":{"0":[9,5]},"_coverageSchema":"332fd63041d2c1bcb487cc26dd0d5f7d97098a6c","hash":"c823883228da7877a050da7af2fa348e5471aa86"},"/home/travis/build/thibaudcolas/draftjs-conductor/src/demo/components/Image.js":{"path":"/home/travis/build/thibaudcolas/draftjs-conductor/src/demo/components/Image.js","statementMap":{"0":{"start":{"line":5,"column":14},"end":{"line":18,"column":1}},"1":{"start":{"line":12,"column":20},"end":{"line":12,"column":40}},"2":{"start":{"line":13,"column":14},"end":{"line":15,"column":12}},"3":{"start":{"line":17,"column":2},"end":{"line":17,"column":46}}},"fnMap":{"0":{"name":"(anonymous_0)","decl":{"start":{"line":5,"column":14},"end":{"line":5,"column":15}},"loc":{"start":{"line":11,"column":6},"end":{"line":18,"column":1}},"line":11}},"branchMap":{"0":{"loc":{"start":{"line":13,"column":14},"end":{"line":15,"column":12}},"type":"cond-expr","locations":[{"start":{"line":14,"column":6},"end":{"line":14,"column":53}},{"start":{"line":15,"column":6},"end":{"line":15,"column":12}}],"line":13}},"s":{"0":5,"1":4,"2":4,"3":4},"f":{"0":4},"b":{"0":[3,1]},"_coverageSchema":"332fd63041d2c1bcb487cc26dd0d5f7d97098a6c","hash":"e7947c700f122e340e5b3657ce746701eb02a462"},"/home/travis/build/thibaudcolas/draftjs-conductor/src/index.js":{"path":"/home/travis/build/thibaudcolas/draftjs-conductor/src/index.js","statementMap":{},"fnMap":{},"branchMap":{},"s":{},"f":{},"b":{},"_coverageSchema":"332fd63041d2c1bcb487cc26dd0d5f7d97098a6c","hash":"b752e905b6ad316f4258d542bda53057979b2046"},"/home/travis/build/thibaudcolas/draftjs-conductor/src/demo/utils/polyfills.js":{"path":"/home/travis/build/thibaudcolas/draftjs-conductor/src/demo/utils/polyfills.js","statementMap":{},"fnMap":{},"branchMap":{},"s":{},"f":{},"b":{},"_coverageSchema":"332fd63041d2c1bcb487cc26dd0d5f7d97098a6c","hash":"4c8816993aaee4a14f416207e55cb29237ec306e"}}}